<?xml version="1.0" encoding="UTF-8"?>
<!-- Generated by org.testng.reporters.JUnitXMLReporter -->
<testsuite ignored="4" hostname="DESKTOP-2FGF1TP" failures="0" tests="1" name="Default test" time="148.116" errors="0" timestamp="2024-12-11T18:29:54 IST">
  <testcase classname="com.crm.comcast.CreateContactTest.createContactTest" name="createContactTest" time="43.346"/>
  <testcase classname="com.crm.comcast.CreateContactTest.createContactTest" name="createContactwithDepart" time="0.0">
    <ignored/>
  </testcase> <!-- createContactwithDepart -->
  <testcase classname="com.crm.comcast.CreateContactTest.createContactTest" name="createContactWithOrg" time="0.0">
    <ignored/>
  </testcase> <!-- createContactWithOrg -->
  <testcase classname="com.crm.comcast.CreateContactTest.createContactTest" name="createContactWithTitle" time="0.0">
    <ignored/>
  </testcase> <!-- createContactWithTitle -->
  <testcase classname="com.crm.comcast.CreateContactTest.createContactTest" name="createContactWithSupportDate" time="0.0">
    <ignored/>
  </testcase> <!-- createContactWithSupportDate -->
</testsuite> <!-- Default test -->
