<?xml version="1.0" encoding="UTF-8"?>
<!-- Generated by org.testng.reporters.JUnitXMLReporter -->
<testsuite ignored="0" hostname="DESKTOP-S9COC0S" failures="0" tests="5" name="TestRunner-Chrome" time="0.452" errors="0" timestamp="2024-11-29T22:48:36 IST">
  <testcase classname="com.crm.comcast.CreateContactTest.createContactTest" name="createContactTest" time="0.0">
    <skipped/>
  </testcase> <!-- createContactTest -->
  <testcase classname="com.crm.comcast.CreateContactTest.createContactTest" name="createContactWithOrg" time="0.0">
    <skipped/>
  </testcase> <!-- createContactWithOrg -->
  <testcase classname="com.crm.comcast.CreateContactTest.createContactTest" name="createContactWithSupportDate" time="0.001">
    <skipped/>
  </testcase> <!-- createContactWithSupportDate -->
  <testcase classname="com.crm.comcast.CreateContactTest.createContactTest" name="createContactWithTitle" time="0.001">
    <skipped/>
  </testcase> <!-- createContactWithTitle -->
  <testcase classname="com.crm.comcast.CreateContactTest.createContactTest" name="createContactwithDepart" time="0.0">
    <skipped/>
  </testcase> <!-- createContactwithDepart -->
</testsuite> <!-- TestRunner-Chrome -->
