<?xml version="1.0" encoding="UTF-8"?>
<!-- Generated by org.testng.reporters.JUnitXMLReporter -->
<testsuite ignored="0" hostname="DESKTOP-2FGF1TP" failures="0" tests="5" name="Test" time="99.795" errors="0" timestamp="2024-12-11T11:48:05 IST">
  <testcase classname="com.crm.comcast.CreateContactTest.createContactTest" name="createContactTest" time="13.338"/>
  <testcase classname="com.crm.comcast.CreateContactTest.createContactTest" name="createContactWithOrg" time="26.104"/>
  <testcase classname="com.crm.comcast.CreateContactTest.createContactTest" name="createContactWithSupportDate" time="14.474"/>
  <testcase classname="com.crm.comcast.CreateContactTest.createContactTest" name="createContactWithTitle" time="11.093"/>
  <testcase classname="com.crm.comcast.CreateContactTest.createContactTest" name="createContactwithDepart" time="11.767"/>
</testsuite> <!-- Test -->
