<?xml version="1.0" encoding="UTF-8"?>
<!-- Generated by org.testng.reporters.JUnitXMLReporter -->
<testsuite ignored="1" hostname="DESKTOP-S9COC0S" failures="1" tests="1" name="Default test(failed)" time="21.82" errors="0" timestamp="2024-12-04T18:20:17 IST">
  <testcase classname="practice.testNG.InvoiceTest" name="createInvoiceTest" time="0.073">
    <failure type="java.lang.AssertionError" message="expected [Login] but found [Administrator - Home - vtiger CRM 5 - Commercial Open Source CRM]">
      <![CDATA[java.lang.AssertionError: expected [Login] but found [Administrator - Home - vtiger CRM 5 - Commercial Open Source CRM]
at practice.testNG.InvoiceTest.createInvoiceTest(InvoiceTest.java:17)
at java.base/java.util.ArrayList.forEach(ArrayList.java:1597)
... Removed 31 stack frames]]>
    </failure>
  </testcase> <!-- createInvoiceTest -->
  <testcase classname="practice.testNG.InvoiceTest" name="createInvoicewithContactTest" time="0.0">
    <ignored/>
  </testcase> <!-- createInvoicewithContactTest -->
</testsuite> <!-- Default test(failed) -->
