<?xml version="1.0" encoding="UTF-8"?>
<testng-results ignored="0" total="9" passed="9" failed="0" skipped="0">
  <reporter-output>
  </reporter-output>
  <suite started-at="2024-12-18T16:07:34 IST" name="Suite" finished-at="2024-12-18T16:10:19 IST" duration-ms="165366">
    <groups>
    </groups>
    <test started-at="2024-12-18T16:07:34 IST" name="Test-1" finished-at="2024-12-18T16:09:48 IST" duration-ms="134506">
      <class name="com.crm.comcast.OrgTest.CreateOrgTest">
        <test-method is-config="true" signature="configBC()[pri:0, instance:com.crm.comcast.OrgTest.CreateOrgTest@399f45b1]" started-at="2024-12-18T16:07:34 IST" name="configBC" finished-at="2024-12-18T16:07:49 IST" duration-ms="15584" status="PASS">
          <reporter-output>
          </reporter-output>
        </test-method> <!-- configBC -->
        <test-method is-config="true" signature="configBM()[pri:0, instance:com.crm.comcast.OrgTest.CreateOrgTest@399f45b1]" started-at="2024-12-18T16:07:49 IST" name="configBM" finished-at="2024-12-18T16:07:50 IST" duration-ms="356" status="PASS">
          <reporter-output>
          </reporter-output>
        </test-method> <!-- configBM -->
        <test-method signature="createOrgPhoneNumber()[pri:0, instance:com.crm.comcast.OrgTest.CreateOrgTest@399f45b1]" started-at="2024-12-18T16:07:50 IST" name="createOrgPhoneNumber" finished-at="2024-12-18T16:08:42 IST" duration-ms="52156" status="PASS">
          <reporter-output>
          </reporter-output>
        </test-method> <!-- createOrgPhoneNumber -->
        <test-method is-config="true" signature="congigAM()[pri:0, instance:com.crm.comcast.OrgTest.CreateOrgTest@399f45b1]" started-at="2024-12-18T16:08:42 IST" name="congigAM" finished-at="2024-12-18T16:08:45 IST" duration-ms="3519" status="PASS">
          <reporter-output>
          </reporter-output>
        </test-method> <!-- congigAM -->
        <test-method is-config="true" signature="configBM()[pri:0, instance:com.crm.comcast.OrgTest.CreateOrgTest@399f45b1]" started-at="2024-12-18T16:08:45 IST" name="configBM" finished-at="2024-12-18T16:08:49 IST" duration-ms="3813" status="PASS">
          <reporter-output>
          </reporter-output>
        </test-method> <!-- configBM -->
        <test-method signature="createOrgTest()[pri:0, instance:com.crm.comcast.OrgTest.CreateOrgTest@399f45b1]" started-at="2024-12-18T16:08:49 IST" name="createOrgTest" finished-at="2024-12-18T16:09:06 IST" duration-ms="17181" status="PASS">
          <reporter-output>
          </reporter-output>
        </test-method> <!-- createOrgTest -->
        <test-method is-config="true" signature="congigAM()[pri:0, instance:com.crm.comcast.OrgTest.CreateOrgTest@399f45b1]" started-at="2024-12-18T16:09:06 IST" name="congigAM" finished-at="2024-12-18T16:09:09 IST" duration-ms="2267" status="PASS">
          <reporter-output>
          </reporter-output>
        </test-method> <!-- congigAM -->
        <test-method is-config="true" signature="configBM()[pri:0, instance:com.crm.comcast.OrgTest.CreateOrgTest@399f45b1]" started-at="2024-12-18T16:09:09 IST" name="configBM" finished-at="2024-12-18T16:09:12 IST" duration-ms="3516" status="PASS">
          <reporter-output>
          </reporter-output>
        </test-method> <!-- configBM -->
        <test-method signature="createOrgWithIndustris()[pri:0, instance:com.crm.comcast.OrgTest.CreateOrgTest@399f45b1]" started-at="2024-12-18T16:09:12 IST" name="createOrgWithIndustris" finished-at="2024-12-18T16:09:25 IST" duration-ms="12631" status="PASS">
          <reporter-output>
          </reporter-output>
        </test-method> <!-- createOrgWithIndustris -->
        <test-method is-config="true" signature="congigAM()[pri:0, instance:com.crm.comcast.OrgTest.CreateOrgTest@399f45b1]" started-at="2024-12-18T16:09:25 IST" name="congigAM" finished-at="2024-12-18T16:09:27 IST" duration-ms="2143" status="PASS">
          <reporter-output>
          </reporter-output>
        </test-method> <!-- congigAM -->
        <test-method is-config="true" signature="configBM()[pri:0, instance:com.crm.comcast.OrgTest.CreateOrgTest@399f45b1]" started-at="2024-12-18T16:09:27 IST" name="configBM" finished-at="2024-12-18T16:09:31 IST" duration-ms="4436" status="PASS">
          <reporter-output>
          </reporter-output>
        </test-method> <!-- configBM -->
        <test-method signature="createOrgWithMobileNumber()[pri:0, instance:com.crm.comcast.OrgTest.CreateOrgTest@399f45b1]" started-at="2024-12-18T16:09:31 IST" name="createOrgWithMobileNumber" finished-at="2024-12-18T16:09:45 IST" duration-ms="13932" status="PASS">
          <reporter-output>
          </reporter-output>
        </test-method> <!-- createOrgWithMobileNumber -->
        <test-method is-config="true" signature="congigAM()[pri:0, instance:com.crm.comcast.OrgTest.CreateOrgTest@399f45b1]" started-at="2024-12-18T16:09:45 IST" name="congigAM" finished-at="2024-12-18T16:09:47 IST" duration-ms="2122" status="PASS">
          <reporter-output>
          </reporter-output>
        </test-method> <!-- congigAM -->
        <test-method is-config="true" signature="configAC()[pri:0, instance:com.crm.comcast.OrgTest.CreateOrgTest@399f45b1]" started-at="2024-12-18T16:09:47 IST" name="configAC" finished-at="2024-12-18T16:09:48 IST" duration-ms="813" status="PASS">
          <reporter-output>
          </reporter-output>
        </test-method> <!-- configAC -->
      </class> <!-- com.crm.comcast.OrgTest.CreateOrgTest -->
    </test> <!-- Test-1 -->
    <test started-at="2024-12-18T16:07:34 IST" name="Test-2" finished-at="2024-12-18T16:10:19 IST" duration-ms="165366">
      <class name="com.crm.comcast.CreateContactTest.createContactTest">
        <test-method is-config="true" signature="configBS()[pri:0, instance:com.crm.comcast.CreateContactTest.createContactTest@4d5d943d]" started-at="2024-12-18T16:07:34 IST" name="configBS" finished-at="2024-12-18T16:07:34 IST" duration-ms="5" status="PASS">
          <reporter-output>
          </reporter-output>
        </test-method> <!-- configBS -->
        <test-method is-config="true" signature="configBC()[pri:0, instance:com.crm.comcast.CreateContactTest.createContactTest@4d5d943d]" started-at="2024-12-18T16:07:34 IST" name="configBC" finished-at="2024-12-18T16:07:49 IST" duration-ms="14882" status="PASS">
          <reporter-output>
          </reporter-output>
        </test-method> <!-- configBC -->
        <test-method is-config="true" signature="configBM()[pri:0, instance:com.crm.comcast.CreateContactTest.createContactTest@4d5d943d]" started-at="2024-12-18T16:07:49 IST" name="configBM" finished-at="2024-12-18T16:07:50 IST" duration-ms="1037" status="PASS">
          <reporter-output>
          </reporter-output>
        </test-method> <!-- configBM -->
        <test-method signature="createContactTest()[pri:0, instance:com.crm.comcast.CreateContactTest.createContactTest@4d5d943d]" started-at="2024-12-18T16:07:50 IST" name="createContactTest" finished-at="2024-12-18T16:08:42 IST" duration-ms="52155" status="PASS">
          <reporter-output>
          </reporter-output>
        </test-method> <!-- createContactTest -->
        <test-method is-config="true" signature="congigAM()[pri:0, instance:com.crm.comcast.CreateContactTest.createContactTest@4d5d943d]" started-at="2024-12-18T16:08:42 IST" name="congigAM" finished-at="2024-12-18T16:08:45 IST" duration-ms="3497" status="PASS">
          <reporter-output>
          </reporter-output>
        </test-method> <!-- congigAM -->
        <test-method is-config="true" signature="configBM()[pri:0, instance:com.crm.comcast.CreateContactTest.createContactTest@4d5d943d]" started-at="2024-12-18T16:08:45 IST" name="configBM" finished-at="2024-12-18T16:08:49 IST" duration-ms="3822" status="PASS">
          <reporter-output>
          </reporter-output>
        </test-method> <!-- configBM -->
        <test-method signature="createContactWithOrg()[pri:0, instance:com.crm.comcast.CreateContactTest.createContactTest@4d5d943d]" started-at="2024-12-18T16:08:49 IST" name="createContactWithOrg" finished-at="2024-12-18T16:09:24 IST" duration-ms="34615" status="PASS">
          <reporter-output>
          </reporter-output>
        </test-method> <!-- createContactWithOrg -->
        <test-method is-config="true" signature="congigAM()[pri:0, instance:com.crm.comcast.CreateContactTest.createContactTest@4d5d943d]" started-at="2024-12-18T16:09:24 IST" name="congigAM" finished-at="2024-12-18T16:09:26 IST" duration-ms="2029" status="PASS">
          <reporter-output>
          </reporter-output>
        </test-method> <!-- congigAM -->
        <test-method is-config="true" signature="configBM()[pri:0, instance:com.crm.comcast.CreateContactTest.createContactTest@4d5d943d]" started-at="2024-12-18T16:09:26 IST" name="configBM" finished-at="2024-12-18T16:09:29 IST" duration-ms="3395" status="PASS">
          <reporter-output>
          </reporter-output>
        </test-method> <!-- configBM -->
        <test-method signature="createContactWithSupportDate()[pri:0, instance:com.crm.comcast.CreateContactTest.createContactTest@4d5d943d]" started-at="2024-12-18T16:09:29 IST" name="createContactWithSupportDate" finished-at="2024-12-18T16:09:43 IST" duration-ms="13785" status="PASS">
          <reporter-output>
          </reporter-output>
        </test-method> <!-- createContactWithSupportDate -->
        <test-method is-config="true" signature="congigAM()[pri:0, instance:com.crm.comcast.CreateContactTest.createContactTest@4d5d943d]" started-at="2024-12-18T16:09:43 IST" name="congigAM" finished-at="2024-12-18T16:09:45 IST" duration-ms="2219" status="PASS">
          <reporter-output>
          </reporter-output>
        </test-method> <!-- congigAM -->
        <test-method is-config="true" signature="configBM()[pri:0, instance:com.crm.comcast.CreateContactTest.createContactTest@4d5d943d]" started-at="2024-12-18T16:09:45 IST" name="configBM" finished-at="2024-12-18T16:09:49 IST" duration-ms="3856" status="PASS">
          <reporter-output>
          </reporter-output>
        </test-method> <!-- configBM -->
        <test-method signature="createContactWithTitle()[pri:0, instance:com.crm.comcast.CreateContactTest.createContactTest@4d5d943d]" started-at="2024-12-18T16:09:49 IST" name="createContactWithTitle" finished-at="2024-12-18T16:10:00 IST" duration-ms="10876" status="PASS">
          <reporter-output>
          </reporter-output>
        </test-method> <!-- createContactWithTitle -->
        <test-method is-config="true" signature="congigAM()[pri:0, instance:com.crm.comcast.CreateContactTest.createContactTest@4d5d943d]" started-at="2024-12-18T16:10:00 IST" name="congigAM" finished-at="2024-12-18T16:10:02 IST" duration-ms="1860" status="PASS">
          <reporter-output>
          </reporter-output>
        </test-method> <!-- congigAM -->
        <test-method is-config="true" signature="configBM()[pri:0, instance:com.crm.comcast.CreateContactTest.createContactTest@4d5d943d]" started-at="2024-12-18T16:10:02 IST" name="configBM" finished-at="2024-12-18T16:10:05 IST" duration-ms="3074" status="PASS">
          <reporter-output>
          </reporter-output>
        </test-method> <!-- configBM -->
        <test-method signature="createContactwithDepart()[pri:0, instance:com.crm.comcast.CreateContactTest.createContactTest@4d5d943d]" started-at="2024-12-18T16:10:05 IST" name="createContactwithDepart" finished-at="2024-12-18T16:10:16 IST" duration-ms="11514" status="PASS">
          <reporter-output>
          </reporter-output>
        </test-method> <!-- createContactwithDepart -->
        <test-method is-config="true" signature="congigAM()[pri:0, instance:com.crm.comcast.CreateContactTest.createContactTest@4d5d943d]" started-at="2024-12-18T16:10:16 IST" name="congigAM" finished-at="2024-12-18T16:10:18 IST" duration-ms="2068" status="PASS">
          <reporter-output>
          </reporter-output>
        </test-method> <!-- congigAM -->
        <test-method is-config="true" signature="configAC()[pri:0, instance:com.crm.comcast.CreateContactTest.createContactTest@4d5d943d]" started-at="2024-12-18T16:10:18 IST" name="configAC" finished-at="2024-12-18T16:10:19 IST" duration-ms="596" status="PASS">
          <reporter-output>
          </reporter-output>
        </test-method> <!-- configAC -->
        <test-method is-config="true" signature="configAS()[pri:0, instance:com.crm.comcast.CreateContactTest.createContactTest@4d5d943d]" started-at="2024-12-18T16:10:19 IST" name="configAS" finished-at="2024-12-18T16:10:19 IST" duration-ms="2" status="PASS">
          <reporter-output>
          </reporter-output>
        </test-method> <!-- configAS -->
      </class> <!-- com.crm.comcast.CreateContactTest.createContactTest -->
    </test> <!-- Test-2 -->
  </suite> <!-- Suite -->
</testng-results>
