<?xml version="1.0" encoding="UTF-8"?>
<testng-results ignored="0" total="5" passed="5" failed="0" skipped="0">
  <reporter-output>
  </reporter-output>
  <suite started-at="2024-12-11T11:46:25 IST" name="Suite" finished-at="2024-12-11T11:48:05 IST" duration-ms="99795">
    <groups>
    </groups>
    <test started-at="2024-12-11T11:46:25 IST" name="Test" finished-at="2024-12-11T11:48:05 IST" duration-ms="99795">
      <class name="com.crm.comcast.CreateContactTest.createContactTest">
        <test-method is-config="true" signature="configBS()[pri:0, instance:com.crm.comcast.CreateContactTest.createContactTest@478190fc]" started-at="2024-12-11T11:46:25 IST" name="configBS" finished-at="2024-12-11T11:46:25 IST" duration-ms="5" status="PASS">
          <reporter-output>
          </reporter-output>
        </test-method> <!-- configBS -->
        <test-method is-config="true" signature="configBC()[pri:0, instance:com.crm.comcast.CreateContactTest.createContactTest@478190fc]" started-at="2024-12-11T11:46:25 IST" name="configBC" finished-at="2024-12-11T11:46:28 IST" duration-ms="2605" status="PASS">
          <reporter-output>
          </reporter-output>
        </test-method> <!-- configBC -->
        <test-method is-config="true" signature="configBM()[pri:0, instance:com.crm.comcast.CreateContactTest.createContactTest@478190fc]" started-at="2024-12-11T11:46:28 IST" name="configBM" finished-at="2024-12-11T11:46:28 IST" duration-ms="229" status="PASS">
          <reporter-output>
          </reporter-output>
        </test-method> <!-- configBM -->
        <test-method signature="createContactTest()[pri:0, instance:com.crm.comcast.CreateContactTest.createContactTest@478190fc]" started-at="2024-12-11T11:46:28 IST" name="createContactTest" finished-at="2024-12-11T11:46:42 IST" duration-ms="13338" status="PASS">
          <reporter-output>
          </reporter-output>
        </test-method> <!-- createContactTest -->
        <test-method is-config="true" signature="congigAM()[pri:0, instance:com.crm.comcast.CreateContactTest.createContactTest@478190fc]" started-at="2024-12-11T11:46:42 IST" name="congigAM" finished-at="2024-12-11T11:46:43 IST" duration-ms="1803" status="PASS">
          <reporter-output>
          </reporter-output>
        </test-method> <!-- congigAM -->
        <test-method is-config="true" signature="configBM()[pri:0, instance:com.crm.comcast.CreateContactTest.createContactTest@478190fc]" started-at="2024-12-11T11:46:43 IST" name="configBM" finished-at="2024-12-11T11:46:46 IST" duration-ms="2770" status="PASS">
          <reporter-output>
          </reporter-output>
        </test-method> <!-- configBM -->
        <test-method signature="createContactWithOrg()[pri:0, instance:com.crm.comcast.CreateContactTest.createContactTest@478190fc]" started-at="2024-12-11T11:46:46 IST" name="createContactWithOrg" finished-at="2024-12-11T11:47:12 IST" duration-ms="26104" status="PASS">
          <reporter-output>
          </reporter-output>
        </test-method> <!-- createContactWithOrg -->
        <test-method is-config="true" signature="congigAM()[pri:0, instance:com.crm.comcast.CreateContactTest.createContactTest@478190fc]" started-at="2024-12-11T11:47:12 IST" name="congigAM" finished-at="2024-12-11T11:47:14 IST" duration-ms="2088" status="PASS">
          <reporter-output>
          </reporter-output>
        </test-method> <!-- congigAM -->
        <test-method is-config="true" signature="configBM()[pri:0, instance:com.crm.comcast.CreateContactTest.createContactTest@478190fc]" started-at="2024-12-11T11:47:14 IST" name="configBM" finished-at="2024-12-11T11:47:15 IST" duration-ms="217" status="PASS">
          <reporter-output>
          </reporter-output>
        </test-method> <!-- configBM -->
        <test-method signature="createContactWithSupportDate()[pri:0, instance:com.crm.comcast.CreateContactTest.createContactTest@478190fc]" started-at="2024-12-11T11:47:15 IST" name="createContactWithSupportDate" finished-at="2024-12-11T11:47:29 IST" duration-ms="14474" status="PASS">
          <reporter-output>
          </reporter-output>
        </test-method> <!-- createContactWithSupportDate -->
        <test-method is-config="true" signature="congigAM()[pri:0, instance:com.crm.comcast.CreateContactTest.createContactTest@478190fc]" started-at="2024-12-11T11:47:29 IST" name="congigAM" finished-at="2024-12-11T11:47:31 IST" duration-ms="1873" status="PASS">
          <reporter-output>
          </reporter-output>
        </test-method> <!-- congigAM -->
        <test-method is-config="true" signature="configBM()[pri:0, instance:com.crm.comcast.CreateContactTest.createContactTest@478190fc]" started-at="2024-12-11T11:47:31 IST" name="configBM" finished-at="2024-12-11T11:47:34 IST" duration-ms="3223" status="PASS">
          <reporter-output>
          </reporter-output>
        </test-method> <!-- configBM -->
        <test-method signature="createContactWithTitle()[pri:0, instance:com.crm.comcast.CreateContactTest.createContactTest@478190fc]" started-at="2024-12-11T11:47:34 IST" name="createContactWithTitle" finished-at="2024-12-11T11:47:45 IST" duration-ms="11093" status="PASS">
          <reporter-output>
          </reporter-output>
        </test-method> <!-- createContactWithTitle -->
        <test-method is-config="true" signature="congigAM()[pri:0, instance:com.crm.comcast.CreateContactTest.createContactTest@478190fc]" started-at="2024-12-11T11:47:45 IST" name="congigAM" finished-at="2024-12-11T11:47:47 IST" duration-ms="2133" status="PASS">
          <reporter-output>
          </reporter-output>
        </test-method> <!-- congigAM -->
        <test-method is-config="true" signature="configBM()[pri:0, instance:com.crm.comcast.CreateContactTest.createContactTest@478190fc]" started-at="2024-12-11T11:47:47 IST" name="configBM" finished-at="2024-12-11T11:47:51 IST" duration-ms="3427" status="PASS">
          <reporter-output>
          </reporter-output>
        </test-method> <!-- configBM -->
        <test-method signature="createContactwithDepart()[pri:0, instance:com.crm.comcast.CreateContactTest.createContactTest@478190fc]" started-at="2024-12-11T11:47:51 IST" name="createContactwithDepart" finished-at="2024-12-11T11:48:03 IST" duration-ms="11767" status="PASS">
          <reporter-output>
          </reporter-output>
        </test-method> <!-- createContactwithDepart -->
        <test-method is-config="true" signature="congigAM()[pri:0, instance:com.crm.comcast.CreateContactTest.createContactTest@478190fc]" started-at="2024-12-11T11:48:03 IST" name="congigAM" finished-at="2024-12-11T11:48:05 IST" duration-ms="2019" status="PASS">
          <reporter-output>
          </reporter-output>
        </test-method> <!-- congigAM -->
        <test-method is-config="true" signature="configAC()[pri:0, instance:com.crm.comcast.CreateContactTest.createContactTest@478190fc]" started-at="2024-12-11T11:48:05 IST" name="configAC" finished-at="2024-12-11T11:48:05 IST" duration-ms="577" status="PASS">
          <reporter-output>
          </reporter-output>
        </test-method> <!-- configAC -->
        <test-method is-config="true" signature="configAS()[pri:0, instance:com.crm.comcast.CreateContactTest.createContactTest@478190fc]" started-at="2024-12-11T11:48:05 IST" name="configAS" finished-at="2024-12-11T11:48:05 IST" duration-ms="1" status="PASS">
          <reporter-output>
          </reporter-output>
        </test-method> <!-- configAS -->
      </class> <!-- com.crm.comcast.CreateContactTest.createContactTest -->
    </test> <!-- Test -->
  </suite> <!-- Suite -->
</testng-results>
